<?xml version="1.0" encoding="UTF-8"?>
<testsuite name="ItemRepositoryTest 테스트" tests="4" skipped="0" failures="1" errors="0" timestamp="2021-10-12T08:37:26" hostname="gim-eunjoui-MacBookPro-2.local" time="1.118">
  <properties/>
  <testcase name="create()" classname="com.portmis.portmis.repository.UserRepositoryTest" time="0.838"/>
  <testcase name="delete()" classname="com.portmis.portmis.repository.UserRepositoryTest" time="0.05"/>
  <testcase name="update()" classname="com.portmis.portmis.repository.UserRepositoryTest" time="0.023"/>
  <testcase name="read()" classname="com.portmis.portmis.repository.UserRepositoryTest" time="0.202">
    <failure message="org.opentest4j.AssertionFailedError: expected: not &lt;null&gt;" type="org.opentest4j.AssertionFailedError">org.opentest4j.AssertionFailedError: expected: not &lt;null&gt;
	at org.junit.jupiter.api.AssertionUtils.fail(AssertionUtils.java:39)
	at org.junit.jupiter.api.Assertions.fail(Assertions.java:109)
	at org.junit.jupiter.api.AssertNotNull.failNull(AssertNotNull.java:47)
	at org.junit.jupiter.api.AssertNotNull.assertNotNull(AssertNotNull.java:36)
	at org.junit.jupiter.api.AssertNotNull.assertNotNull(AssertNotNull.java:31)
	at org.junit.jupiter.api.Assertions.assertNotNull(Assertions.java:283)
	at com.portmis.portmis.repository.UserRepositoryTest.read(UserRepositoryTest.java:61)
	at java.base/jdk.internal.reflect.NativeMethodAccessorImpl.invoke0(Native Method)
	at java.base/jdk.internal.reflect.NativeMethodAccessorImpl.invoke(NativeMethodAccessorImpl.java:62)
	at java.base/jdk.internal.reflect.DelegatingMethodAccessorImpl.invoke(DelegatingMethodAccessorImpl.java:43)
	at java.base/java.lang.reflect.Method.invoke(Method.java:567)
	at org.junit.platform.commons.util.ReflectionUtils.invokeMethod(ReflectionUtils.java:686)
	at org.junit.jupiter.engine.execution.MethodInvocation.proceed(MethodInvocation.java:60)
	at org.junit.jupiter.engine.execution.InvocationInterceptorChain$ValidatingInvocation.proceed(InvocationInterceptorChain.java:131)
	at org.junit.jupiter.engine.extension.TimeoutExtension.intercept(TimeoutExtension.java:149)
	at org.junit.jupiter.engine.extension.TimeoutExtension.interceptTestableMethod(TimeoutExtension.java:140)
	at org.junit.jupiter.engine.extension.TimeoutExtension.interceptTestMethod(TimeoutExtension.java:84)
	at org.junit.jupiter.engine.execution.ExecutableInvoker$ReflectiveInterceptorCall.lambda$ofVoidMethod$0(ExecutableInvoker.java:115)
	at org.junit.jupiter.engine.execution.ExecutableInvoker.lambda$invoke$0(ExecutableInvoker.java:105)
	at org.junit.jupiter.engine.execution.InvocationInterceptorChain$InterceptedInvocation.proceed(InvocationInterceptorChain.java:106)
	at org.junit.jupiter.engine.execution.InvocationInterceptorChain.proceed(InvocationInterceptorChain.java:64)
	at org.junit.jupiter.engine.execution.InvocationInterceptorChain.chainAndInvoke(InvocationInterceptorChain.java:45)
	at org.junit.jupiter.engine.execution.InvocationInterceptorChain.invoke(InvocationInterceptorChain.java:37)
	at org.junit.jupiter.engine.execution.ExecutableInvoker.invoke(ExecutableInvoker.java:104)
	at org.junit.jupiter.engine.execution.ExecutableInvoker.invoke(ExecutableInvoker.java:98)
	at org.junit.jupiter.engine.descriptor.TestMethodTestDescriptor.lambda$invokeTestMethod$6(TestMethodTestDescriptor.java:212)
	at org.junit.platform.engine.support.hierarchical.ThrowableCollector.execute(ThrowableCollector.java:73)
	at org.junit.jupiter.engine.descriptor.TestMethodTestDescriptor.invokeTestMethod(TestMethodTestDescriptor.java:208)
	at org.junit.jupiter.engine.descriptor.TestMethodTestDescriptor.execute(TestMethodTestDescriptor.java:137)
	at org.junit.jupiter.engine.descriptor.TestMethodTestDescriptor.execute(TestMethodTestDescriptor.java:71)
	at org.junit.platform.engine.support.hierarchical.NodeTestTask.lambda$executeRecursively$5(NodeTestTask.java:135)
	at org.junit.platform.engine.support.hierarchical.ThrowableCollector.execute(ThrowableCollector.java:73)
	at org.junit.platform.engine.support.hierarchical.NodeTestTask.lambda$executeRecursively$7(NodeTestTask.java:125)
	at org.junit.platform.engine.support.hierarchical.Node.around(Node.java:135)
	at org.junit.platform.engine.support.hierarchical.NodeTestTask.lambda$executeRecursively$8(NodeTestTask.java:123)
	at org.junit.platform.engine.support.hierarchical.ThrowableCollector.execute(ThrowableCollector.java:73)
	at org.junit.platform.engine.support.hierarchical.NodeTestTask.executeRecursively(NodeTestTask.java:122)
	at org.junit.platform.engine.support.hierarchical.NodeTestTask.execute(NodeTestTask.java:80)
	at java.base/java.util.ArrayList.forEach(ArrayList.java:1540)
	at org.junit.platform.engine.support.hierarchical.SameThreadHierarchicalTestExecutorService.invokeAll(SameThreadHierarchicalTestExecutorService.java:38)
	at org.junit.platform.engine.support.hierarchical.NodeTestTask.lambda$executeRecursively$5(NodeTestTask.java:139)
	at org.junit.platform.engine.support.hierarchical.ThrowableCollector.execute(ThrowableCollector.java:73)
	at org.junit.platform.engine.support.hierarchical.NodeTestTask.lambda$executeRecursively$7(NodeTestTask.java:125)
	at org.junit.platform.engine.support.hierarchical.Node.around(Node.java:135)
	at org.junit.platform.engine.support.hierarchical.NodeTestTask.lambda$executeRecursively$8(NodeTestTask.java:123)
	at org.junit.platform.engine.support.hierarchical.ThrowableCollector.execute(ThrowableCollector.java:73)
	at org.junit.platform.engine.support.hierarchical.NodeTestTask.executeRecursively(NodeTestTask.java:122)
	at org.junit.platform.engine.support.hierarchical.NodeTestTask.execute(NodeTestTask.java:80)
	at java.base/java.util.ArrayList.forEach(ArrayList.java:1540)
	at org.junit.platform.engine.support.hierarchical.SameThreadHierarchicalTestExecutorService.invokeAll(SameThreadHierarchicalTestExecutorService.java:38)
	at org.junit.platform.engine.support.hierarchical.NodeTestTask.lambda$executeRecursively$5(NodeTestTask.java:139)
	at org.junit.platform.engine.support.hierarchical.ThrowableCollector.execute(ThrowableCollector.java:73)
	at org.junit.platform.engine.support.hierarchical.NodeTestTask.lambda$executeRecursively$7(NodeTestTask.java:125)
	at org.junit.platform.engine.support.hierarchical.Node.around(Node.java:135)
	at org.junit.platform.engine.support.hierarchical.NodeTestTask.lambda$executeRecursively$8(NodeTestTask.java:123)
	at org.junit.platform.engine.support.hierarchical.ThrowableCollector.execute(ThrowableCollector.java:73)
	at org.junit.platform.engine.support.hierarchical.NodeTestTask.executeRecursively(NodeTestTask.java:122)
	at org.junit.platform.engine.support.hierarchical.NodeTestTask.execute(NodeTestTask.java:80)
	at org.junit.platform.engine.support.hierarchical.SameThreadHierarchicalTestExecutorService.submit(SameThreadHierarchicalTestExecutorService.java:32)
	at org.junit.platform.engine.support.hierarchical.HierarchicalTestExecutor.execute(HierarchicalTestExecutor.java:57)
	at org.junit.platform.engine.support.hierarchical.HierarchicalTestEngine.execute(HierarchicalTestEngine.java:51)
	at org.junit.platform.launcher.core.DefaultLauncher.execute(DefaultLauncher.java:248)
	at org.junit.platform.launcher.core.DefaultLauncher.lambda$execute$5(DefaultLauncher.java:211)
	at org.junit.platform.launcher.core.DefaultLauncher.withInterceptedStreams(DefaultLauncher.java:226)
	at org.junit.platform.launcher.core.DefaultLauncher.execute(DefaultLauncher.java:199)
	at org.junit.platform.launcher.core.DefaultLauncher.execute(DefaultLauncher.java:132)
	at org.gradle.api.internal.tasks.testing.junitplatform.JUnitPlatformTestClassProcessor$CollectAllTestClassesExecutor.processAllTestClasses(JUnitPlatformTestClassProcessor.java:99)
	at org.gradle.api.internal.tasks.testing.junitplatform.JUnitPlatformTestClassProcessor$CollectAllTestClassesExecutor.access$000(JUnitPlatformTestClassProcessor.java:79)
	at org.gradle.api.internal.tasks.testing.junitplatform.JUnitPlatformTestClassProcessor.stop(JUnitPlatformTestClassProcessor.java:75)
	at org.gradle.api.internal.tasks.testing.SuiteTestClassProcessor.stop(SuiteTestClassProcessor.java:61)
	at java.base/jdk.internal.reflect.NativeMethodAccessorImpl.invoke0(Native Method)
	at java.base/jdk.internal.reflect.NativeMethodAccessorImpl.invoke(NativeMethodAccessorImpl.java:62)
	at java.base/jdk.internal.reflect.DelegatingMethodAccessorImpl.invoke(DelegatingMethodAccessorImpl.java:43)
	at java.base/java.lang.reflect.Method.invoke(Method.java:567)
	at org.gradle.internal.dispatch.ReflectionDispatch.dispatch(ReflectionDispatch.java:36)
	at org.gradle.internal.dispatch.ReflectionDispatch.dispatch(ReflectionDispatch.java:24)
	at org.gradle.internal.dispatch.ContextClassLoaderDispatch.dispatch(ContextClassLoaderDispatch.java:33)
	at org.gradle.internal.dispatch.ProxyDispatchAdapter$DispatchingInvocationHandler.invoke(ProxyDispatchAdapter.java:94)
	at com.sun.proxy.$Proxy2.stop(Unknown Source)
	at org.gradle.api.internal.tasks.testing.worker.TestWorker.stop(TestWorker.java:133)
	at java.base/jdk.internal.reflect.NativeMethodAccessorImpl.invoke0(Native Method)
	at java.base/jdk.internal.reflect.NativeMethodAccessorImpl.invoke(NativeMethodAccessorImpl.java:62)
	at java.base/jdk.internal.reflect.DelegatingMethodAccessorImpl.invoke(DelegatingMethodAccessorImpl.java:43)
	at java.base/java.lang.reflect.Method.invoke(Method.java:567)
	at org.gradle.internal.dispatch.ReflectionDispatch.dispatch(ReflectionDispatch.java:36)
	at org.gradle.internal.dispatch.ReflectionDispatch.dispatch(ReflectionDispatch.java:24)
	at org.gradle.internal.remote.internal.hub.MessageHubBackedObjectConnection$DispatchWrapper.dispatch(MessageHubBackedObjectConnection.java:182)
	at org.gradle.internal.remote.internal.hub.MessageHubBackedObjectConnection$DispatchWrapper.dispatch(MessageHubBackedObjectConnection.java:164)
	at org.gradle.internal.remote.internal.hub.MessageHub$Handler.run(MessageHub.java:414)
	at org.gradle.internal.concurrent.ExecutorPolicy$CatchAndRecordFailures.onExecute(ExecutorPolicy.java:64)
	at org.gradle.internal.concurrent.ManagedExecutorImpl$1.run(ManagedExecutorImpl.java:48)
	at java.base/java.util.concurrent.ThreadPoolExecutor.runWorker(ThreadPoolExecutor.java:1128)
	at java.base/java.util.concurrent.ThreadPoolExecutor$Worker.run(ThreadPoolExecutor.java:628)
	at org.gradle.internal.concurrent.ThreadFactoryImpl$ManagedThreadRunnable.run(ThreadFactoryImpl.java:56)
	at java.base/java.lang.Thread.run(Thread.java:835)
</failure>
  </testcase>
  <system-out><![CDATA[17:37:18.691 [Test worker] DEBUG org.springframework.test.context.BootstrapUtils - Instantiating CacheAwareContextLoaderDelegate from class [org.springframework.test.context.cache.DefaultCacheAwareContextLoaderDelegate]
17:37:18.708 [Test worker] DEBUG org.springframework.test.context.BootstrapUtils - Instantiating BootstrapContext using constructor [public org.springframework.test.context.support.DefaultBootstrapContext(java.lang.Class,org.springframework.test.context.CacheAwareContextLoaderDelegate)]
17:37:18.757 [Test worker] DEBUG org.springframework.test.context.BootstrapUtils - Instantiating TestContextBootstrapper for test class [com.portmis.portmis.repository.UserRepositoryTest] from class [org.springframework.boot.test.autoconfigure.orm.jpa.DataJpaTestContextBootstrapper]
17:37:18.782 [Test worker] INFO org.springframework.boot.test.autoconfigure.orm.jpa.DataJpaTestContextBootstrapper - Neither @ContextConfiguration nor @ContextHierarchy found for test class [com.portmis.portmis.repository.UserRepositoryTest], using SpringBootContextLoader
17:37:18.787 [Test worker] DEBUG org.springframework.test.context.support.AbstractContextLoader - Did not detect default resource location for test class [com.portmis.portmis.repository.UserRepositoryTest]: class path resource [com/portmis/portmis/repository/UserRepositoryTest-context.xml] does not exist
17:37:18.788 [Test worker] DEBUG org.springframework.test.context.support.AbstractContextLoader - Did not detect default resource location for test class [com.portmis.portmis.repository.UserRepositoryTest]: class path resource [com/portmis/portmis/repository/UserRepositoryTestContext.groovy] does not exist
17:37:18.789 [Test worker] INFO org.springframework.test.context.support.AbstractContextLoader - Could not detect default resource locations for test class [com.portmis.portmis.repository.UserRepositoryTest]: no resource found for suffixes {-context.xml, Context.groovy}.
17:37:18.790 [Test worker] INFO org.springframework.test.context.support.AnnotationConfigContextLoaderUtils - Could not detect default configuration classes for test class [com.portmis.portmis.repository.UserRepositoryTest]: UserRepositoryTest does not declare any static, non-private, non-final, nested classes annotated with @Configuration.
17:37:18.871 [Test worker] DEBUG org.springframework.test.context.support.ActiveProfilesUtils - Could not find an 'annotation declaring class' for annotation type [org.springframework.test.context.ActiveProfiles] and class [com.portmis.portmis.repository.UserRepositoryTest]
17:37:18.968 [Test worker] DEBUG org.springframework.context.annotation.ClassPathScanningCandidateComponentProvider - Identified candidate component class: file [/Users/EunJoKim/admin_project/build/classes/java/main/com/portmis/portmis/JavaApplication.class]
17:37:18.969 [Test worker] INFO org.springframework.boot.test.context.SpringBootTestContextBootstrapper - Found @SpringBootConfiguration com.portmis.portmis.JavaApplication for test class com.portmis.portmis.repository.UserRepositoryTest
17:37:18.973 [Test worker] DEBUG org.springframework.boot.test.autoconfigure.orm.jpa.DataJpaTestContextBootstrapper - @TestExecutionListeners is not present for class [com.portmis.portmis.repository.UserRepositoryTest]: using defaults.
17:37:18.975 [Test worker] INFO org.springframework.boot.test.autoconfigure.orm.jpa.DataJpaTestContextBootstrapper - Loaded default TestExecutionListener class names from location [META-INF/spring.factories]: [org.springframework.boot.test.autoconfigure.restdocs.RestDocsTestExecutionListener, org.springframework.boot.test.autoconfigure.web.client.MockRestServiceServerResetTestExecutionListener, org.springframework.boot.test.autoconfigure.web.servlet.MockMvcPrintOnlyOnFailureTestExecutionListener, org.springframework.boot.test.autoconfigure.web.servlet.WebDriverTestExecutionListener, org.springframework.boot.test.autoconfigure.webservices.client.MockWebServiceServerTestExecutionListener, org.springframework.boot.test.mock.mockito.MockitoTestExecutionListener, org.springframework.boot.test.mock.mockito.ResetMocksTestExecutionListener, org.springframework.test.context.web.ServletTestExecutionListener, org.springframework.test.context.support.DirtiesContextBeforeModesTestExecutionListener, org.springframework.test.context.support.DependencyInjectionTestExecutionListener, org.springframework.test.context.support.DirtiesContextTestExecutionListener, org.springframework.test.context.transaction.TransactionalTestExecutionListener, org.springframework.test.context.jdbc.SqlScriptsTestExecutionListener, org.springframework.test.context.event.EventPublishingTestExecutionListener]
17:37:19.015 [Test worker] INFO org.springframework.boot.test.autoconfigure.orm.jpa.DataJpaTestContextBootstrapper - Using TestExecutionListeners: [org.springframework.test.context.web.ServletTestExecutionListener@74b3a4c9, org.springframework.test.context.support.DirtiesContextBeforeModesTestExecutionListener@4b75432c, org.springframework.boot.test.mock.mockito.MockitoTestExecutionListener@561acf26, org.springframework.boot.test.autoconfigure.SpringBootDependencyInjectionTestExecutionListener@3aad2f92, org.springframework.test.context.support.DirtiesContextTestExecutionListener@535141e2, org.springframework.test.context.transaction.TransactionalTestExecutionListener@325c1487, org.springframework.test.context.jdbc.SqlScriptsTestExecutionListener@323f9e15, org.springframework.test.context.event.EventPublishingTestExecutionListener@613de67f, org.springframework.boot.test.autoconfigure.restdocs.RestDocsTestExecutionListener@383ae5eb, org.springframework.boot.test.autoconfigure.web.client.MockRestServiceServerResetTestExecutionListener@6a903647, org.springframework.boot.test.autoconfigure.web.servlet.MockMvcPrintOnlyOnFailureTestExecutionListener@2411c236, org.springframework.boot.test.autoconfigure.web.servlet.WebDriverTestExecutionListener@2a91d6d5, org.springframework.boot.test.autoconfigure.webservices.client.MockWebServiceServerTestExecutionListener@456b6bd1, org.springframework.boot.test.mock.mockito.ResetMocksTestExecutionListener@2ea24f35]
17:37:19.022 [Test worker] DEBUG org.springframework.test.context.support.AbstractDirtiesContextTestExecutionListener - Before test class: context [DefaultTestContext@1169a85c testClass = UserRepositoryTest, testInstance = [null], testMethod = [null], testException = [null], mergedContextConfiguration = [MergedContextConfiguration@1984389b testClass = UserRepositoryTest, locations = '{}', classes = '{class com.portmis.portmis.JavaApplication}', contextInitializerClasses = '[]', activeProfiles = '{}', propertySourceLocations = '{}', propertySourceProperties = '{org.springframework.boot.test.autoconfigure.orm.jpa.DataJpaTestContextBootstrapper=true}', contextCustomizers = set[org.springframework.boot.test.autoconfigure.OverrideAutoConfigurationContextCustomizerFactory$DisableAutoConfigurationContextCustomizer@f0a2641, org.springframework.boot.test.autoconfigure.filter.TypeExcludeFiltersContextCustomizer@351584c0, org.springframework.boot.test.autoconfigure.properties.PropertyMappingContextCustomizer@afad1bf3, org.springframework.boot.test.autoconfigure.web.servlet.WebDriverContextCustomizerFactory$Customizer@482eec8f, [ImportsContextCustomizer@14cbaafd key = [org.springframework.boot.autoconfigure.cache.CacheAutoConfiguration, org.springframework.boot.autoconfigure.data.jpa.JpaRepositoriesAutoConfiguration, org.springframework.boot.autoconfigure.flyway.FlywayAutoConfiguration, org.springframework.boot.autoconfigure.jdbc.DataSourceAutoConfiguration, org.springframework.boot.autoconfigure.jdbc.DataSourceTransactionManagerAutoConfiguration, org.springframework.boot.autoconfigure.jdbc.JdbcTemplateAutoConfiguration, org.springframework.boot.autoconfigure.liquibase.LiquibaseAutoConfiguration, org.springframework.boot.autoconfigure.orm.jpa.HibernateJpaAutoConfiguration, org.springframework.boot.autoconfigure.transaction.TransactionAutoConfiguration, org.springframework.boot.test.autoconfigure.jdbc.TestDatabaseAutoConfiguration, org.springframework.boot.test.autoconfigure.orm.jpa.TestEntityManagerAutoConfiguration, com.portmis.portmis.config.JpaConfig, com.portmis.portmis.component.LoginUserAuditorAware]], org.springframework.boot.test.context.filter.ExcludeFilterContextCustomizer@77533561, org.springframework.boot.test.json.DuplicateJsonObjectContextCustomizerFactory$DuplicateJsonObjectContextCustomizer@711eab49, org.springframework.boot.test.mock.mockito.MockitoContextCustomizer@0, org.springframework.boot.test.context.SpringBootTestArgs@1], contextLoader = 'org.springframework.boot.test.context.SpringBootContextLoader', parent = [null]], attributes = map[[empty]]], class annotated with @DirtiesContext [false] with mode [null].
17:37:19.042 [Test worker] DEBUG org.springframework.test.context.support.DependencyInjectionTestExecutionListener - Performing dependency injection for test context [[DefaultTestContext@1169a85c testClass = UserRepositoryTest, testInstance = com.portmis.portmis.repository.UserRepositoryTest@70d921ad, testMethod = [null], testException = [null], mergedContextConfiguration = [MergedContextConfiguration@1984389b testClass = UserRepositoryTest, locations = '{}', classes = '{class com.portmis.portmis.JavaApplication}', contextInitializerClasses = '[]', activeProfiles = '{}', propertySourceLocations = '{}', propertySourceProperties = '{org.springframework.boot.test.autoconfigure.orm.jpa.DataJpaTestContextBootstrapper=true}', contextCustomizers = set[org.springframework.boot.test.autoconfigure.OverrideAutoConfigurationContextCustomizerFactory$DisableAutoConfigurationContextCustomizer@f0a2641, org.springframework.boot.test.autoconfigure.filter.TypeExcludeFiltersContextCustomizer@351584c0, org.springframework.boot.test.autoconfigure.properties.PropertyMappingContextCustomizer@afad1bf3, org.springframework.boot.test.autoconfigure.web.servlet.WebDriverContextCustomizerFactory$Customizer@482eec8f, [ImportsContextCustomizer@14cbaafd key = [org.springframework.boot.autoconfigure.cache.CacheAutoConfiguration, org.springframework.boot.autoconfigure.data.jpa.JpaRepositoriesAutoConfiguration, org.springframework.boot.autoconfigure.flyway.FlywayAutoConfiguration, org.springframework.boot.autoconfigure.jdbc.DataSourceAutoConfiguration, org.springframework.boot.autoconfigure.jdbc.DataSourceTransactionManagerAutoConfiguration, org.springframework.boot.autoconfigure.jdbc.JdbcTemplateAutoConfiguration, org.springframework.boot.autoconfigure.liquibase.LiquibaseAutoConfiguration, org.springframework.boot.autoconfigure.orm.jpa.HibernateJpaAutoConfiguration, org.springframework.boot.autoconfigure.transaction.TransactionAutoConfiguration, org.springframework.boot.test.autoconfigure.jdbc.TestDatabaseAutoConfiguration, org.springframework.boot.test.autoconfigure.orm.jpa.TestEntityManagerAutoConfiguration, com.portmis.portmis.config.JpaConfig, com.portmis.portmis.component.LoginUserAuditorAware]], org.springframework.boot.test.context.filter.ExcludeFilterContextCustomizer@77533561, org.springframework.boot.test.json.DuplicateJsonObjectContextCustomizerFactory$DuplicateJsonObjectContextCustomizer@711eab49, org.springframework.boot.test.mock.mockito.MockitoContextCustomizer@0, org.springframework.boot.test.context.SpringBootTestArgs@1], contextLoader = 'org.springframework.boot.test.context.SpringBootContextLoader', parent = [null]], attributes = map[[empty]]]].
17:37:19.100 [Test worker] DEBUG org.springframework.test.context.support.TestPropertySourceUtils - Adding inlined properties to environment: {spring.jmx.enabled=false, org.springframework.boot.test.autoconfigure.orm.jpa.DataJpaTestContextBootstrapper=true}

  .   ____          _            __ _ _
 /\\ / ___'_ __ _ _(_)_ __  __ _ \ \ \ \
( ( )\___ | '_ | '_| | '_ \/ _` | \ \ \ \
 \\/  ___)| |_)| | | | | || (_| |  ) ) ) )
  '  |____| .__|_| |_|_| |_\__, | / / / /
 =========|_|==============|___/=/_/_/_/
 :: Spring Boot ::        (v2.3.4.RELEASE)

2021-10-12 17:37:20.384  INFO 63410 --- [    Test worker] c.p.p.repository.UserRepositoryTest      : Starting UserRepositoryTest on gim-eunjoui-MacBookPro-2.local with PID 63410 (started by kimeunjo in /Users/EunJoKim/admin_project)
2021-10-12 17:37:20.391  INFO 63410 --- [    Test worker] c.p.p.repository.UserRepositoryTest      : No active profile set, falling back to default profiles: default
2021-10-12 17:37:21.245  INFO 63410 --- [    Test worker] .s.d.r.c.RepositoryConfigurationDelegate : Bootstrapping Spring Data JPA repositories in LAZY mode.
2021-10-12 17:37:21.379  INFO 63410 --- [    Test worker] .s.d.r.c.RepositoryConfigurationDelegate : Finished Spring Data repository scanning in 119ms. Found 7 JPA repository interfaces.
2021-10-12 17:37:22.047 DEBUG 63410 --- [    Test worker] com.zaxxer.hikari.HikariConfig           : Driver class com.mysql.cj.jdbc.Driver found in Thread context class loader jdk.internal.loader.ClassLoaders$AppClassLoader@55054057
2021-10-12 17:37:22.249 DEBUG 63410 --- [    Test worker] com.zaxxer.hikari.HikariConfig           : HikariPool-1 - configuration:
2021-10-12 17:37:22.255 DEBUG 63410 --- [    Test worker] com.zaxxer.hikari.HikariConfig           : allowPoolSuspension.............false
2021-10-12 17:37:22.257 DEBUG 63410 --- [    Test worker] com.zaxxer.hikari.HikariConfig           : autoCommit......................true
2021-10-12 17:37:22.265 DEBUG 63410 --- [    Test worker] com.zaxxer.hikari.HikariConfig           : catalog.........................none
2021-10-12 17:37:22.265 DEBUG 63410 --- [    Test worker] com.zaxxer.hikari.HikariConfig           : connectionInitSql...............none
2021-10-12 17:37:22.270 DEBUG 63410 --- [    Test worker] com.zaxxer.hikari.HikariConfig           : connectionTestQuery.............none
2021-10-12 17:37:22.271 DEBUG 63410 --- [    Test worker] com.zaxxer.hikari.HikariConfig           : connectionTimeout...............30000
2021-10-12 17:37:22.271 DEBUG 63410 --- [    Test worker] com.zaxxer.hikari.HikariConfig           : dataSource......................none
2021-10-12 17:37:22.316 DEBUG 63410 --- [    Test worker] com.zaxxer.hikari.HikariConfig           : dataSourceClassName.............none
2021-10-12 17:37:22.317 DEBUG 63410 --- [    Test worker] com.zaxxer.hikari.HikariConfig           : dataSourceJNDI..................none
2021-10-12 17:37:22.323 DEBUG 63410 --- [    Test worker] com.zaxxer.hikari.HikariConfig           : dataSourceProperties............{password=<masked>}
2021-10-12 17:37:22.323 DEBUG 63410 --- [    Test worker] com.zaxxer.hikari.HikariConfig           : driverClassName................."com.mysql.cj.jdbc.Driver"
2021-10-12 17:37:22.325 DEBUG 63410 --- [    Test worker] com.zaxxer.hikari.HikariConfig           : exceptionOverrideClassName......none
2021-10-12 17:37:22.325 DEBUG 63410 --- [    Test worker] com.zaxxer.hikari.HikariConfig           : healthCheckProperties...........{}
2021-10-12 17:37:22.330 DEBUG 63410 --- [    Test worker] com.zaxxer.hikari.HikariConfig           : healthCheckRegistry.............none
2021-10-12 17:37:22.330 DEBUG 63410 --- [    Test worker] com.zaxxer.hikari.HikariConfig           : idleTimeout.....................600000
2021-10-12 17:37:22.331 DEBUG 63410 --- [    Test worker] com.zaxxer.hikari.HikariConfig           : initializationFailTimeout.......1
2021-10-12 17:37:22.336 DEBUG 63410 --- [    Test worker] com.zaxxer.hikari.HikariConfig           : isolateInternalQueries..........false
2021-10-12 17:37:22.339 DEBUG 63410 --- [    Test worker] com.zaxxer.hikari.HikariConfig           : jdbcUrl.........................jdbc:mysql://localhost:3306/study ?useSSL=false&useUnicode=true&serverTimezone=Asia/Seoul&allowPublicKeyRetrieval=true&createDatabaseIfNotExist=true
2021-10-12 17:37:22.341 DEBUG 63410 --- [    Test worker] com.zaxxer.hikari.HikariConfig           : leakDetectionThreshold..........0
2021-10-12 17:37:22.341 DEBUG 63410 --- [    Test worker] com.zaxxer.hikari.HikariConfig           : maxLifetime.....................1800000
2021-10-12 17:37:22.343 DEBUG 63410 --- [    Test worker] com.zaxxer.hikari.HikariConfig           : maximumPoolSize.................10
2021-10-12 17:37:22.343 DEBUG 63410 --- [    Test worker] com.zaxxer.hikari.HikariConfig           : metricRegistry..................none
2021-10-12 17:37:22.344 DEBUG 63410 --- [    Test worker] com.zaxxer.hikari.HikariConfig           : metricsTrackerFactory...........none
2021-10-12 17:37:22.347 DEBUG 63410 --- [    Test worker] com.zaxxer.hikari.HikariConfig           : minimumIdle.....................10
2021-10-12 17:37:22.348 DEBUG 63410 --- [    Test worker] com.zaxxer.hikari.HikariConfig           : password........................<masked>
2021-10-12 17:37:22.350 DEBUG 63410 --- [    Test worker] com.zaxxer.hikari.HikariConfig           : poolName........................"HikariPool-1"
2021-10-12 17:37:22.352 DEBUG 63410 --- [    Test worker] com.zaxxer.hikari.HikariConfig           : readOnly........................false
2021-10-12 17:37:22.355 DEBUG 63410 --- [    Test worker] com.zaxxer.hikari.HikariConfig           : registerMbeans..................false
2021-10-12 17:37:22.379 DEBUG 63410 --- [    Test worker] com.zaxxer.hikari.HikariConfig           : scheduledExecutor...............none
2021-10-12 17:37:22.393 DEBUG 63410 --- [    Test worker] com.zaxxer.hikari.HikariConfig           : schema..........................none
2021-10-12 17:37:22.394 DEBUG 63410 --- [    Test worker] com.zaxxer.hikari.HikariConfig           : threadFactory...................internal
2021-10-12 17:37:22.395 DEBUG 63410 --- [    Test worker] com.zaxxer.hikari.HikariConfig           : transactionIsolation............default
2021-10-12 17:37:22.397 DEBUG 63410 --- [    Test worker] com.zaxxer.hikari.HikariConfig           : username........................"root"
2021-10-12 17:37:22.401 DEBUG 63410 --- [    Test worker] com.zaxxer.hikari.HikariConfig           : validationTimeout...............5000
2021-10-12 17:37:22.402  INFO 63410 --- [    Test worker] com.zaxxer.hikari.HikariDataSource       : HikariPool-1 - Starting...
2021-10-12 17:37:22.952  INFO 63410 --- [    Test worker] com.zaxxer.hikari.HikariDataSource       : HikariPool-1 - Start completed.
2021-10-12 17:37:24.831  INFO 63410 --- [    Test worker] o.hibernate.jpa.internal.util.LogHelper  : HHH000204: Processing PersistenceUnitInfo [name: default]
2021-10-12 17:37:24.923  INFO 63410 --- [    Test worker] org.hibernate.Version                    : HHH000412: Hibernate ORM core version 5.4.21.Final
2021-10-12 17:37:25.156  INFO 63410 --- [    Test worker] o.hibernate.annotations.common.Version   : HCANN000001: Hibernate Commons Annotations {5.1.0.Final}
2021-10-12 17:37:25.339  INFO 63410 --- [    Test worker] org.hibernate.dialect.Dialect            : HHH000400: Using dialect: org.hibernate.dialect.MySQL8Dialect
2021-10-12 17:37:26.510  INFO 63410 --- [    Test worker] o.h.e.t.j.p.i.JtaPlatformInitiator       : HHH000490: Using JtaPlatform implementation: [org.hibernate.engine.transaction.jta.platform.internal.NoJtaPlatform]
2021-10-12 17:37:26.523  INFO 63410 --- [    Test worker] j.LocalContainerEntityManagerFactoryBean : Initialized JPA EntityManagerFactory for persistence unit 'default'
2021-10-12 17:37:26.825  INFO 63410 --- [    Test worker] c.p.p.repository.UserRepositoryTest      : Started UserRepositoryTest in 7.719 seconds (JVM running for 9.317)
2021-10-12 17:37:26.958  INFO 63410 --- [    Test worker] o.s.t.c.transaction.TransactionContext   : Began transaction (1) for test context [DefaultTestContext@1169a85c testClass = UserRepositoryTest, testInstance = com.portmis.portmis.repository.UserRepositoryTest@70d921ad, testMethod = create@UserRepositoryTest, testException = [null], mergedContextConfiguration = [MergedContextConfiguration@1984389b testClass = UserRepositoryTest, locations = '{}', classes = '{class com.portmis.portmis.JavaApplication}', contextInitializerClasses = '[]', activeProfiles = '{}', propertySourceLocations = '{}', propertySourceProperties = '{org.springframework.boot.test.autoconfigure.orm.jpa.DataJpaTestContextBootstrapper=true}', contextCustomizers = set[org.springframework.boot.test.autoconfigure.OverrideAutoConfigurationContextCustomizerFactory$DisableAutoConfigurationContextCustomizer@f0a2641, org.springframework.boot.test.autoconfigure.filter.TypeExcludeFiltersContextCustomizer@351584c0, org.springframework.boot.test.autoconfigure.properties.PropertyMappingContextCustomizer@afad1bf3, org.springframework.boot.test.autoconfigure.web.servlet.WebDriverContextCustomizerFactory$Customizer@482eec8f, [ImportsContextCustomizer@14cbaafd key = [org.springframework.boot.autoconfigure.cache.CacheAutoConfiguration, org.springframework.boot.autoconfigure.data.jpa.JpaRepositoriesAutoConfiguration, org.springframework.boot.autoconfigure.flyway.FlywayAutoConfiguration, org.springframework.boot.autoconfigure.jdbc.DataSourceAutoConfiguration, org.springframework.boot.autoconfigure.jdbc.DataSourceTransactionManagerAutoConfiguration, org.springframework.boot.autoconfigure.jdbc.JdbcTemplateAutoConfiguration, org.springframework.boot.autoconfigure.liquibase.LiquibaseAutoConfiguration, org.springframework.boot.autoconfigure.orm.jpa.HibernateJpaAutoConfiguration, org.springframework.boot.autoconfigure.transaction.TransactionAutoConfiguration, org.springframework.boot.test.autoconfigure.jdbc.TestDatabaseAutoConfiguration, org.springframework.boot.test.autoconfigure.orm.jpa.TestEntityManagerAutoConfiguration, com.portmis.portmis.config.JpaConfig, com.portmis.portmis.component.LoginUserAuditorAware]], org.springframework.boot.test.context.filter.ExcludeFilterContextCustomizer@77533561, org.springframework.boot.test.json.DuplicateJsonObjectContextCustomizerFactory$DuplicateJsonObjectContextCustomizer@711eab49, org.springframework.boot.test.mock.mockito.MockitoContextCustomizer@0, org.springframework.boot.test.context.SpringBootTestArgs@1], contextLoader = 'org.springframework.boot.test.context.SpringBootContextLoader', parent = [null]], attributes = map[[empty]]]; transaction manager [org.springframework.orm.jpa.JpaTransactionManager@31d34e5b]; rollback [true]
2021-10-12 17:37:27.656 DEBUG 63410 --- [    Test worker] org.hibernate.SQL                        : insert into user (account, created_at, created_by, email, password, phone_number, registered_at, status, unregistered_at, updated_at, updated_by) values (?, ?, ?, ?, ?, ?, ?, ?, ?, ?, ?)
Hibernate: insert into user (account, created_at, created_by, email, password, phone_number, registered_at, status, unregistered_at, updated_at, updated_by) values (?, ?, ?, ?, ?, ?, ?, ?, ?, ?, ?)
2021-10-12 17:37:27.691  INFO 63410 --- [    Test worker] o.s.t.c.transaction.TransactionContext   : Rolled back transaction for test: [DefaultTestContext@1169a85c testClass = UserRepositoryTest, testInstance = com.portmis.portmis.repository.UserRepositoryTest@70d921ad, testMethod = create@UserRepositoryTest, testException = [null], mergedContextConfiguration = [MergedContextConfiguration@1984389b testClass = UserRepositoryTest, locations = '{}', classes = '{class com.portmis.portmis.JavaApplication}', contextInitializerClasses = '[]', activeProfiles = '{}', propertySourceLocations = '{}', propertySourceProperties = '{org.springframework.boot.test.autoconfigure.orm.jpa.DataJpaTestContextBootstrapper=true}', contextCustomizers = set[org.springframework.boot.test.autoconfigure.OverrideAutoConfigurationContextCustomizerFactory$DisableAutoConfigurationContextCustomizer@f0a2641, org.springframework.boot.test.autoconfigure.filter.TypeExcludeFiltersContextCustomizer@351584c0, org.springframework.boot.test.autoconfigure.properties.PropertyMappingContextCustomizer@afad1bf3, org.springframework.boot.test.autoconfigure.web.servlet.WebDriverContextCustomizerFactory$Customizer@482eec8f, [ImportsContextCustomizer@14cbaafd key = [org.springframework.boot.autoconfigure.cache.CacheAutoConfiguration, org.springframework.boot.autoconfigure.data.jpa.JpaRepositoriesAutoConfiguration, org.springframework.boot.autoconfigure.flyway.FlywayAutoConfiguration, org.springframework.boot.autoconfigure.jdbc.DataSourceAutoConfiguration, org.springframework.boot.autoconfigure.jdbc.DataSourceTransactionManagerAutoConfiguration, org.springframework.boot.autoconfigure.jdbc.JdbcTemplateAutoConfiguration, org.springframework.boot.autoconfigure.liquibase.LiquibaseAutoConfiguration, org.springframework.boot.autoconfigure.orm.jpa.HibernateJpaAutoConfiguration, org.springframework.boot.autoconfigure.transaction.TransactionAutoConfiguration, org.springframework.boot.test.autoconfigure.jdbc.TestDatabaseAutoConfiguration, org.springframework.boot.test.autoconfigure.orm.jpa.TestEntityManagerAutoConfiguration, com.portmis.portmis.config.JpaConfig, com.portmis.portmis.component.LoginUserAuditorAware]], org.springframework.boot.test.context.filter.ExcludeFilterContextCustomizer@77533561, org.springframework.boot.test.json.DuplicateJsonObjectContextCustomizerFactory$DuplicateJsonObjectContextCustomizer@711eab49, org.springframework.boot.test.mock.mockito.MockitoContextCustomizer@0, org.springframework.boot.test.context.SpringBootTestArgs@1], contextLoader = 'org.springframework.boot.test.context.SpringBootContextLoader', parent = [null]], attributes = map[[empty]]]
2021-10-12 17:37:27.699  INFO 63410 --- [    Test worker] o.s.t.c.transaction.TransactionContext   : Began transaction (1) for test context [DefaultTestContext@1169a85c testClass = UserRepositoryTest, testInstance = com.portmis.portmis.repository.UserRepositoryTest@6f8fa284, testMethod = delete@UserRepositoryTest, testException = [null], mergedContextConfiguration = [MergedContextConfiguration@1984389b testClass = UserRepositoryTest, locations = '{}', classes = '{class com.portmis.portmis.JavaApplication}', contextInitializerClasses = '[]', activeProfiles = '{}', propertySourceLocations = '{}', propertySourceProperties = '{org.springframework.boot.test.autoconfigure.orm.jpa.DataJpaTestContextBootstrapper=true}', contextCustomizers = set[org.springframework.boot.test.autoconfigure.OverrideAutoConfigurationContextCustomizerFactory$DisableAutoConfigurationContextCustomizer@f0a2641, org.springframework.boot.test.autoconfigure.filter.TypeExcludeFiltersContextCustomizer@351584c0, org.springframework.boot.test.autoconfigure.properties.PropertyMappingContextCustomizer@afad1bf3, org.springframework.boot.test.autoconfigure.web.servlet.WebDriverContextCustomizerFactory$Customizer@482eec8f, [ImportsContextCustomizer@14cbaafd key = [org.springframework.boot.autoconfigure.cache.CacheAutoConfiguration, org.springframework.boot.autoconfigure.data.jpa.JpaRepositoriesAutoConfiguration, org.springframework.boot.autoconfigure.flyway.FlywayAutoConfiguration, org.springframework.boot.autoconfigure.jdbc.DataSourceAutoConfiguration, org.springframework.boot.autoconfigure.jdbc.DataSourceTransactionManagerAutoConfiguration, org.springframework.boot.autoconfigure.jdbc.JdbcTemplateAutoConfiguration, org.springframework.boot.autoconfigure.liquibase.LiquibaseAutoConfiguration, org.springframework.boot.autoconfigure.orm.jpa.HibernateJpaAutoConfiguration, org.springframework.boot.autoconfigure.transaction.TransactionAutoConfiguration, org.springframework.boot.test.autoconfigure.jdbc.TestDatabaseAutoConfiguration, org.springframework.boot.test.autoconfigure.orm.jpa.TestEntityManagerAutoConfiguration, com.portmis.portmis.config.JpaConfig, com.portmis.portmis.component.LoginUserAuditorAware]], org.springframework.boot.test.context.filter.ExcludeFilterContextCustomizer@77533561, org.springframework.boot.test.json.DuplicateJsonObjectContextCustomizerFactory$DuplicateJsonObjectContextCustomizer@711eab49, org.springframework.boot.test.mock.mockito.MockitoContextCustomizer@0, org.springframework.boot.test.context.SpringBootTestArgs@1], contextLoader = 'org.springframework.boot.test.context.SpringBootContextLoader', parent = [null]], attributes = map[[empty]]]; transaction manager [org.springframework.orm.jpa.JpaTransactionManager@31d34e5b]; rollback [true]
2021-10-12 17:37:27.712 DEBUG 63410 --- [    Test worker] org.hibernate.SQL                        : select user0_.id as id1_6_0_, user0_.account as account2_6_0_, user0_.created_at as created_3_6_0_, user0_.created_by as created_4_6_0_, user0_.email as email5_6_0_, user0_.password as password6_6_0_, user0_.phone_number as phone_nu7_6_0_, user0_.registered_at as register8_6_0_, user0_.status as status9_6_0_, user0_.unregistered_at as unregis10_6_0_, user0_.updated_at as updated11_6_0_, user0_.updated_by as updated12_6_0_ from user user0_ where user0_.id=?
Hibernate: select user0_.id as id1_6_0_, user0_.account as account2_6_0_, user0_.created_at as created_3_6_0_, user0_.created_by as created_4_6_0_, user0_.email as email5_6_0_, user0_.password as password6_6_0_, user0_.phone_number as phone_nu7_6_0_, user0_.registered_at as register8_6_0_, user0_.status as status9_6_0_, user0_.unregistered_at as unregis10_6_0_, user0_.updated_at as updated11_6_0_, user0_.updated_by as updated12_6_0_ from user user0_ where user0_.id=?
2021-10-12 17:37:27.746  INFO 63410 --- [    Test worker] o.s.t.c.transaction.TransactionContext   : Rolled back transaction for test: [DefaultTestContext@1169a85c testClass = UserRepositoryTest, testInstance = com.portmis.portmis.repository.UserRepositoryTest@6f8fa284, testMethod = delete@UserRepositoryTest, testException = [null], mergedContextConfiguration = [MergedContextConfiguration@1984389b testClass = UserRepositoryTest, locations = '{}', classes = '{class com.portmis.portmis.JavaApplication}', contextInitializerClasses = '[]', activeProfiles = '{}', propertySourceLocations = '{}', propertySourceProperties = '{org.springframework.boot.test.autoconfigure.orm.jpa.DataJpaTestContextBootstrapper=true}', contextCustomizers = set[org.springframework.boot.test.autoconfigure.OverrideAutoConfigurationContextCustomizerFactory$DisableAutoConfigurationContextCustomizer@f0a2641, org.springframework.boot.test.autoconfigure.filter.TypeExcludeFiltersContextCustomizer@351584c0, org.springframework.boot.test.autoconfigure.properties.PropertyMappingContextCustomizer@afad1bf3, org.springframework.boot.test.autoconfigure.web.servlet.WebDriverContextCustomizerFactory$Customizer@482eec8f, [ImportsContextCustomizer@14cbaafd key = [org.springframework.boot.autoconfigure.cache.CacheAutoConfiguration, org.springframework.boot.autoconfigure.data.jpa.JpaRepositoriesAutoConfiguration, org.springframework.boot.autoconfigure.flyway.FlywayAutoConfiguration, org.springframework.boot.autoconfigure.jdbc.DataSourceAutoConfiguration, org.springframework.boot.autoconfigure.jdbc.DataSourceTransactionManagerAutoConfiguration, org.springframework.boot.autoconfigure.jdbc.JdbcTemplateAutoConfiguration, org.springframework.boot.autoconfigure.liquibase.LiquibaseAutoConfiguration, org.springframework.boot.autoconfigure.orm.jpa.HibernateJpaAutoConfiguration, org.springframework.boot.autoconfigure.transaction.TransactionAutoConfiguration, org.springframework.boot.test.autoconfigure.jdbc.TestDatabaseAutoConfiguration, org.springframework.boot.test.autoconfigure.orm.jpa.TestEntityManagerAutoConfiguration, com.portmis.portmis.config.JpaConfig, com.portmis.portmis.component.LoginUserAuditorAware]], org.springframework.boot.test.context.filter.ExcludeFilterContextCustomizer@77533561, org.springframework.boot.test.json.DuplicateJsonObjectContextCustomizerFactory$DuplicateJsonObjectContextCustomizer@711eab49, org.springframework.boot.test.mock.mockito.MockitoContextCustomizer@0, org.springframework.boot.test.context.SpringBootTestArgs@1], contextLoader = 'org.springframework.boot.test.context.SpringBootContextLoader', parent = [null]], attributes = map[[empty]]]
2021-10-12 17:37:27.751  INFO 63410 --- [    Test worker] o.s.t.c.transaction.TransactionContext   : Began transaction (1) for test context [DefaultTestContext@1169a85c testClass = UserRepositoryTest, testInstance = com.portmis.portmis.repository.UserRepositoryTest@5ee127c2, testMethod = update@UserRepositoryTest, testException = [null], mergedContextConfiguration = [MergedContextConfiguration@1984389b testClass = UserRepositoryTest, locations = '{}', classes = '{class com.portmis.portmis.JavaApplication}', contextInitializerClasses = '[]', activeProfiles = '{}', propertySourceLocations = '{}', propertySourceProperties = '{org.springframework.boot.test.autoconfigure.orm.jpa.DataJpaTestContextBootstrapper=true}', contextCustomizers = set[org.springframework.boot.test.autoconfigure.OverrideAutoConfigurationContextCustomizerFactory$DisableAutoConfigurationContextCustomizer@f0a2641, org.springframework.boot.test.autoconfigure.filter.TypeExcludeFiltersContextCustomizer@351584c0, org.springframework.boot.test.autoconfigure.properties.PropertyMappingContextCustomizer@afad1bf3, org.springframework.boot.test.autoconfigure.web.servlet.WebDriverContextCustomizerFactory$Customizer@482eec8f, [ImportsContextCustomizer@14cbaafd key = [org.springframework.boot.autoconfigure.cache.CacheAutoConfiguration, org.springframework.boot.autoconfigure.data.jpa.JpaRepositoriesAutoConfiguration, org.springframework.boot.autoconfigure.flyway.FlywayAutoConfiguration, org.springframework.boot.autoconfigure.jdbc.DataSourceAutoConfiguration, org.springframework.boot.autoconfigure.jdbc.DataSourceTransactionManagerAutoConfiguration, org.springframework.boot.autoconfigure.jdbc.JdbcTemplateAutoConfiguration, org.springframework.boot.autoconfigure.liquibase.LiquibaseAutoConfiguration, org.springframework.boot.autoconfigure.orm.jpa.HibernateJpaAutoConfiguration, org.springframework.boot.autoconfigure.transaction.TransactionAutoConfiguration, org.springframework.boot.test.autoconfigure.jdbc.TestDatabaseAutoConfiguration, org.springframework.boot.test.autoconfigure.orm.jpa.TestEntityManagerAutoConfiguration, com.portmis.portmis.config.JpaConfig, com.portmis.portmis.component.LoginUserAuditorAware]], org.springframework.boot.test.context.filter.ExcludeFilterContextCustomizer@77533561, org.springframework.boot.test.json.DuplicateJsonObjectContextCustomizerFactory$DuplicateJsonObjectContextCustomizer@711eab49, org.springframework.boot.test.mock.mockito.MockitoContextCustomizer@0, org.springframework.boot.test.context.SpringBootTestArgs@1], contextLoader = 'org.springframework.boot.test.context.SpringBootContextLoader', parent = [null]], attributes = map[[empty]]]; transaction manager [org.springframework.orm.jpa.JpaTransactionManager@31d34e5b]; rollback [true]
2021-10-12 17:37:27.754 DEBUG 63410 --- [    Test worker] org.hibernate.SQL                        : select user0_.id as id1_6_0_, user0_.account as account2_6_0_, user0_.created_at as created_3_6_0_, user0_.created_by as created_4_6_0_, user0_.email as email5_6_0_, user0_.password as password6_6_0_, user0_.phone_number as phone_nu7_6_0_, user0_.registered_at as register8_6_0_, user0_.status as status9_6_0_, user0_.unregistered_at as unregis10_6_0_, user0_.updated_at as updated11_6_0_, user0_.updated_by as updated12_6_0_ from user user0_ where user0_.id=?
Hibernate: select user0_.id as id1_6_0_, user0_.account as account2_6_0_, user0_.created_at as created_3_6_0_, user0_.created_by as created_4_6_0_, user0_.email as email5_6_0_, user0_.password as password6_6_0_, user0_.phone_number as phone_nu7_6_0_, user0_.registered_at as register8_6_0_, user0_.status as status9_6_0_, user0_.unregistered_at as unregis10_6_0_, user0_.updated_at as updated11_6_0_, user0_.updated_by as updated12_6_0_ from user user0_ where user0_.id=?
2021-10-12 17:37:27.771  INFO 63410 --- [    Test worker] o.s.t.c.transaction.TransactionContext   : Rolled back transaction for test: [DefaultTestContext@1169a85c testClass = UserRepositoryTest, testInstance = com.portmis.portmis.repository.UserRepositoryTest@5ee127c2, testMethod = update@UserRepositoryTest, testException = [null], mergedContextConfiguration = [MergedContextConfiguration@1984389b testClass = UserRepositoryTest, locations = '{}', classes = '{class com.portmis.portmis.JavaApplication}', contextInitializerClasses = '[]', activeProfiles = '{}', propertySourceLocations = '{}', propertySourceProperties = '{org.springframework.boot.test.autoconfigure.orm.jpa.DataJpaTestContextBootstrapper=true}', contextCustomizers = set[org.springframework.boot.test.autoconfigure.OverrideAutoConfigurationContextCustomizerFactory$DisableAutoConfigurationContextCustomizer@f0a2641, org.springframework.boot.test.autoconfigure.filter.TypeExcludeFiltersContextCustomizer@351584c0, org.springframework.boot.test.autoconfigure.properties.PropertyMappingContextCustomizer@afad1bf3, org.springframework.boot.test.autoconfigure.web.servlet.WebDriverContextCustomizerFactory$Customizer@482eec8f, [ImportsContextCustomizer@14cbaafd key = [org.springframework.boot.autoconfigure.cache.CacheAutoConfiguration, org.springframework.boot.autoconfigure.data.jpa.JpaRepositoriesAutoConfiguration, org.springframework.boot.autoconfigure.flyway.FlywayAutoConfiguration, org.springframework.boot.autoconfigure.jdbc.DataSourceAutoConfiguration, org.springframework.boot.autoconfigure.jdbc.DataSourceTransactionManagerAutoConfiguration, org.springframework.boot.autoconfigure.jdbc.JdbcTemplateAutoConfiguration, org.springframework.boot.autoconfigure.liquibase.LiquibaseAutoConfiguration, org.springframework.boot.autoconfigure.orm.jpa.HibernateJpaAutoConfiguration, org.springframework.boot.autoconfigure.transaction.TransactionAutoConfiguration, org.springframework.boot.test.autoconfigure.jdbc.TestDatabaseAutoConfiguration, org.springframework.boot.test.autoconfigure.orm.jpa.TestEntityManagerAutoConfiguration, com.portmis.portmis.config.JpaConfig, com.portmis.portmis.component.LoginUserAuditorAware]], org.springframework.boot.test.context.filter.ExcludeFilterContextCustomizer@77533561, org.springframework.boot.test.json.DuplicateJsonObjectContextCustomizerFactory$DuplicateJsonObjectContextCustomizer@711eab49, org.springframework.boot.test.mock.mockito.MockitoContextCustomizer@0, org.springframework.boot.test.context.SpringBootTestArgs@1], contextLoader = 'org.springframework.boot.test.context.SpringBootContextLoader', parent = [null]], attributes = map[[empty]]]
2021-10-12 17:37:27.780  INFO 63410 --- [    Test worker] o.s.t.c.transaction.TransactionContext   : Began transaction (1) for test context [DefaultTestContext@1169a85c testClass = UserRepositoryTest, testInstance = com.portmis.portmis.repository.UserRepositoryTest@4516ab64, testMethod = read@UserRepositoryTest, testException = [null], mergedContextConfiguration = [MergedContextConfiguration@1984389b testClass = UserRepositoryTest, locations = '{}', classes = '{class com.portmis.portmis.JavaApplication}', contextInitializerClasses = '[]', activeProfiles = '{}', propertySourceLocations = '{}', propertySourceProperties = '{org.springframework.boot.test.autoconfigure.orm.jpa.DataJpaTestContextBootstrapper=true}', contextCustomizers = set[org.springframework.boot.test.autoconfigure.OverrideAutoConfigurationContextCustomizerFactory$DisableAutoConfigurationContextCustomizer@f0a2641, org.springframework.boot.test.autoconfigure.filter.TypeExcludeFiltersContextCustomizer@351584c0, org.springframework.boot.test.autoconfigure.properties.PropertyMappingContextCustomizer@afad1bf3, org.springframework.boot.test.autoconfigure.web.servlet.WebDriverContextCustomizerFactory$Customizer@482eec8f, [ImportsContextCustomizer@14cbaafd key = [org.springframework.boot.autoconfigure.cache.CacheAutoConfiguration, org.springframework.boot.autoconfigure.data.jpa.JpaRepositoriesAutoConfiguration, org.springframework.boot.autoconfigure.flyway.FlywayAutoConfiguration, org.springframework.boot.autoconfigure.jdbc.DataSourceAutoConfiguration, org.springframework.boot.autoconfigure.jdbc.DataSourceTransactionManagerAutoConfiguration, org.springframework.boot.autoconfigure.jdbc.JdbcTemplateAutoConfiguration, org.springframework.boot.autoconfigure.liquibase.LiquibaseAutoConfiguration, org.springframework.boot.autoconfigure.orm.jpa.HibernateJpaAutoConfiguration, org.springframework.boot.autoconfigure.transaction.TransactionAutoConfiguration, org.springframework.boot.test.autoconfigure.jdbc.TestDatabaseAutoConfiguration, org.springframework.boot.test.autoconfigure.orm.jpa.TestEntityManagerAutoConfiguration, com.portmis.portmis.config.JpaConfig, com.portmis.portmis.component.LoginUserAuditorAware]], org.springframework.boot.test.context.filter.ExcludeFilterContextCustomizer@77533561, org.springframework.boot.test.json.DuplicateJsonObjectContextCustomizerFactory$DuplicateJsonObjectContextCustomizer@711eab49, org.springframework.boot.test.mock.mockito.MockitoContextCustomizer@0, org.springframework.boot.test.context.SpringBootTestArgs@1], contextLoader = 'org.springframework.boot.test.context.SpringBootContextLoader', parent = [null]], attributes = map[[empty]]]; transaction manager [org.springframework.orm.jpa.JpaTransactionManager@31d34e5b]; rollback [true]
2021-10-12 17:37:27.963 DEBUG 63410 --- [    Test worker] org.hibernate.SQL                        : select user0_.id as id1_6_, user0_.account as account2_6_, user0_.created_at as created_3_6_, user0_.created_by as created_4_6_, user0_.email as email5_6_, user0_.password as password6_6_, user0_.phone_number as phone_nu7_6_, user0_.registered_at as register8_6_, user0_.status as status9_6_, user0_.unregistered_at as unregis10_6_, user0_.updated_at as updated11_6_, user0_.updated_by as updated12_6_ from user user0_ where user0_.phone_number=? order by user0_.id desc limit ?
Hibernate: select user0_.id as id1_6_, user0_.account as account2_6_, user0_.created_at as created_3_6_, user0_.created_by as created_4_6_, user0_.email as email5_6_, user0_.password as password6_6_, user0_.phone_number as phone_nu7_6_, user0_.registered_at as register8_6_, user0_.status as status9_6_, user0_.unregistered_at as unregis10_6_, user0_.updated_at as updated11_6_, user0_.updated_by as updated12_6_ from user user0_ where user0_.phone_number=? order by user0_.id desc limit ?
2021-10-12 17:37:27.972  INFO 63410 --- [    Test worker] o.s.t.c.transaction.TransactionContext   : Rolled back transaction for test: [DefaultTestContext@1169a85c testClass = UserRepositoryTest, testInstance = com.portmis.portmis.repository.UserRepositoryTest@4516ab64, testMethod = read@UserRepositoryTest, testException = org.opentest4j.AssertionFailedError: expected: not <null>, mergedContextConfiguration = [MergedContextConfiguration@1984389b testClass = UserRepositoryTest, locations = '{}', classes = '{class com.portmis.portmis.JavaApplication}', contextInitializerClasses = '[]', activeProfiles = '{}', propertySourceLocations = '{}', propertySourceProperties = '{org.springframework.boot.test.autoconfigure.orm.jpa.DataJpaTestContextBootstrapper=true}', contextCustomizers = set[org.springframework.boot.test.autoconfigure.OverrideAutoConfigurationContextCustomizerFactory$DisableAutoConfigurationContextCustomizer@f0a2641, org.springframework.boot.test.autoconfigure.filter.TypeExcludeFiltersContextCustomizer@351584c0, org.springframework.boot.test.autoconfigure.properties.PropertyMappingContextCustomizer@afad1bf3, org.springframework.boot.test.autoconfigure.web.servlet.WebDriverContextCustomizerFactory$Customizer@482eec8f, [ImportsContextCustomizer@14cbaafd key = [org.springframework.boot.autoconfigure.cache.CacheAutoConfiguration, org.springframework.boot.autoconfigure.data.jpa.JpaRepositoriesAutoConfiguration, org.springframework.boot.autoconfigure.flyway.FlywayAutoConfiguration, org.springframework.boot.autoconfigure.jdbc.DataSourceAutoConfiguration, org.springframework.boot.autoconfigure.jdbc.DataSourceTransactionManagerAutoConfiguration, org.springframework.boot.autoconfigure.jdbc.JdbcTemplateAutoConfiguration, org.springframework.boot.autoconfigure.liquibase.LiquibaseAutoConfiguration, org.springframework.boot.autoconfigure.orm.jpa.HibernateJpaAutoConfiguration, org.springframework.boot.autoconfigure.transaction.TransactionAutoConfiguration, org.springframework.boot.test.autoconfigure.jdbc.TestDatabaseAutoConfiguration, org.springframework.boot.test.autoconfigure.orm.jpa.TestEntityManagerAutoConfiguration, com.portmis.portmis.config.JpaConfig, com.portmis.portmis.component.LoginUserAuditorAware]], org.springframework.boot.test.context.filter.ExcludeFilterContextCustomizer@77533561, org.springframework.boot.test.json.DuplicateJsonObjectContextCustomizerFactory$DuplicateJsonObjectContextCustomizer@711eab49, org.springframework.boot.test.mock.mockito.MockitoContextCustomizer@0, org.springframework.boot.test.context.SpringBootTestArgs@1], contextLoader = 'org.springframework.boot.test.context.SpringBootContextLoader', parent = [null]], attributes = map[[empty]]]
]]></system-out>
  <system-err><![CDATA[]]></system-err>
</testsuite>
